[22:33:20] [Client thread/INFO]: Setting user: Player641
[22:33:27] [Client thread/INFO]: LWJGL Version: 2.9.4
[22:33:37] [Client thread/INFO]: Reloading ResourceManager: Default, FMLFileResourcePack:Forge Mod Loader, FMLFileResourcePack:Minecraft Forge, FMLFileResourcePack:Example Mod
[22:33:42] [Sound Library Loader/INFO]: Starting up SoundSystem...
[22:33:42] [Thread-7/INFO]: Initializing LWJGL OpenAL
[22:33:42] [Thread-7/INFO]: (The LWJGL binding of OpenAL.  For more information, see http://www.lwjgl.org)
[22:33:42] [Thread-7/ERROR]: Error in class 'LibraryLWJGLOpenAL'
[22:33:42] [Thread-7/ERROR]: Unable to initialize OpenAL.  Probable cause: OpenAL not supported.
[22:33:42] [Thread-7/WARN]: ERROR MESSAGE:
[22:33:42] [Thread-7/INFO]: Could not locate OpenAL library.
[22:33:42] [Thread-7/WARN]: STACK TRACE:
[22:33:42] [Thread-7/INFO]: org.lwjgl.openal.AL.create(AL.java:156)
[22:33:42] [Thread-7/INFO]: org.lwjgl.openal.AL.create(AL.java:102)
[22:33:42] [Thread-7/INFO]: org.lwjgl.openal.AL.create(AL.java:206)
[22:33:42] [Thread-7/INFO]: paulscode.sound.libraries.LibraryLWJGLOpenAL.init(LibraryLWJGLOpenAL.java:164)
[22:33:42] [Thread-7/INFO]: paulscode.sound.SoundSystem.CommandNewLibrary(SoundSystem.java:1576)
[22:33:42] [Thread-7/INFO]: paulscode.sound.SoundSystem.CommandQueue(SoundSystem.java:2572)
[22:33:42] [Thread-7/INFO]: paulscode.sound.CommandThread.run(CommandThread.java:121)
[22:33:43] [Sound Library Loader/WARN]: ERROR MESSAGE:
[22:33:43] [Sound Library Loader/INFO]: Could not locate OpenAL library.
[22:33:43] [Sound Library Loader/INFO]: Starting up SoundSystem...
[22:33:43] [Thread-9/INFO]: Switching to No Sound
[22:33:43] [Thread-9/INFO]: (Silent Mode)
[22:33:43] [Sound Library Loader/INFO]: Sound engine started
[22:33:49] [Client thread/INFO]: Created: 16x16 textures-atlas
[22:33:50] [Client thread/INFO]: Reloading ResourceManager: Default, FMLFileResourcePack:Forge Mod Loader, FMLFileResourcePack:Minecraft Forge, FMLFileResourcePack:Example Mod
[22:33:54] [Client thread/INFO]: SoundSystem shutting down...
[22:33:54] [Client thread/WARN]: Author: Paul Lamb, www.paulscode.com
[22:33:54] [Sound Library Loader/INFO]: Starting up SoundSystem...
[22:33:55] [Thread-11/INFO]: Initializing LWJGL OpenAL
[22:33:55] [Thread-11/INFO]: (The LWJGL binding of OpenAL.  For more information, see http://www.lwjgl.org)
[22:33:55] [Thread-11/ERROR]: Error in class 'LibraryLWJGLOpenAL'
[22:33:55] [Thread-11/ERROR]: Unable to initialize OpenAL.  Probable cause: OpenAL not supported.
[22:33:55] [Thread-11/WARN]: ERROR MESSAGE:
[22:33:55] [Thread-11/INFO]: Could not locate OpenAL library.
[22:33:55] [Thread-11/WARN]: STACK TRACE:
[22:33:55] [Thread-11/INFO]: org.lwjgl.openal.AL.create(AL.java:156)
[22:33:55] [Thread-11/INFO]: org.lwjgl.openal.AL.create(AL.java:102)
[22:33:55] [Thread-11/INFO]: org.lwjgl.openal.AL.create(AL.java:206)
[22:33:55] [Thread-11/INFO]: paulscode.sound.libraries.LibraryLWJGLOpenAL.init(LibraryLWJGLOpenAL.java:164)
[22:33:55] [Thread-11/INFO]: paulscode.sound.SoundSystem.CommandNewLibrary(SoundSystem.java:1576)
[22:33:55] [Thread-11/INFO]: paulscode.sound.SoundSystem.CommandQueue(SoundSystem.java:2572)
[22:33:55] [Thread-11/INFO]: paulscode.sound.CommandThread.run(CommandThread.java:121)
[22:33:55] [Sound Library Loader/WARN]: ERROR MESSAGE:
[22:33:55] [Sound Library Loader/INFO]: Could not locate OpenAL library.
[22:33:55] [Sound Library Loader/INFO]: Starting up SoundSystem...
[22:33:55] [Thread-13/INFO]: Switching to No Sound
[22:33:55] [Thread-13/INFO]: (Silent Mode)
[22:33:56] [Sound Library Loader/INFO]: Sound engine started
[22:34:00] [Client thread/INFO]: Created: 512x512 textures-atlas
[22:34:04] [Realms Notification Availability checker #1/INFO]: Could not authorize you against Realms server: Invalid session id
[22:34:42] [Client thread/INFO]: Stopping!
[22:34:42] [Client thread/INFO]: SoundSystem shutting down...
[22:34:42] [Client thread/WARN]: Author: Paul Lamb, www.paulscode.com
